Error displaying message
java.lang.reflect.InvocationTargetException
	at java.awt.EventQueue.invokeAndWait(Unknown Source)
	at java.awt.EventQueue.invokeAndWait(Unknown Source)
	at javax.swing.SwingUtilities.invokeAndWait(Unknown Source)
	at uchicago.src.sim.gui.RepastConsole.copyOutputToConsole(Unknown Source)
	at uchicago.src.sim.gui.RepastConsole.run(Unknown Source)
	at java.lang.Thread.run(Unknown Source)
Caused by: java.lang.OutOfMemoryError: Java heap space
	at javax.swing.text.GapContent.allocateArray(Unknown Source)
	at javax.swing.text.GapVector.resize(Unknown Source)
	at javax.swing.text.GapVector.shiftEnd(Unknown Source)
	at javax.swing.text.GapContent.shiftEnd(Unknown Source)
	at javax.swing.text.GapVector.open(Unknown Source)
	at javax.swing.text.GapVector.replace(Unknown Source)
	at javax.swing.text.GapContent.insertString(Unknown Source)
	at javax.swing.text.AbstractDocument.handleInsertString(Unknown Source)
	at javax.swing.text.AbstractDocument.insertString(Unknown Source)
	at javax.swing.text.PlainDocument.insertString(Unknown Source)
	at javax.swing.JTextArea.append(Unknown Source)
	at uchicago.src.sim.gui.RepastConsole$Cat.run(Unknown Source)
	at java.awt.event.InvocationEvent.dispatch(Unknown Source)
	at java.awt.EventQueue.dispatchEventImpl(Unknown Source)
	at java.awt.EventQueue.access$500(Unknown Source)
	at java.awt.EventQueue$3.run(Unknown Source)
	at java.awt.EventQueue$3.run(Unknown Source)
	at java.security.AccessController.doPrivileged(Native Method)
	at java.security.ProtectionDomain$JavaSecurityAccessImpl.doIntersectionPrivilege(Unknown Source)
	at java.awt.EventQueue.dispatchEvent(Unknown Source)
	at java.awt.EventDispatchThread.pumpOneEventForFilters(Unknown Source)
	at java.awt.EventDispatchThread.pumpEventsForFilter(Unknown Source)
	at java.awt.EventDispatchThread.pumpEventsForHierarchy(Unknown Source)
	at java.awt.EventDispatchThread.pumpEvents(Unknown Source)
	at java.awt.EventDispatchThread.pumpEvents(Unknown Source)
	at java.awt.EventDispatchThread.run(Unknown Source)
